{"level":"INFO","time":"2026-07-16T20:36:33.624+0800","logger":"setup","caller":"rbgs/main.go:115","message":"RoleBasedGroup Controller Version: , git commit: , build date: "}
{"level":"INFO","time":"2026-07-16T20:36:33.625+0800","logger":"setup","caller":"rbgs/main.go:121","message":"Go Version: go1.25.1"}
{"level":"INFO","time":"2026-07-16T20:36:33.625+0800","logger":"setup","caller":"rbgs/main.go:122","message":"Go OS/Arch: darwin/arm64"}
{"level":"INFO","time":"2026-07-16T20:36:33.626+0800","logger":"setup","caller":"rbgs/main.go:511","message":"Webhooks disabled: forcing LeaderElection=false, Metrics.SecureServing=false"}
{"level":"INFO","time":"2026-07-16T20:36:33.909+0800","logger":"setup","caller":"rbgs/main.go:347","message":"Webhooks are disabled: cert bootstrap, conversion and admission webhooks will not be started"}
{"level":"INFO","time":"2026-07-16T20:36:34.994+0800","logger":"setup","caller":"rbgs/main.go:424","message":"register field index"}
{"level":"INFO","time":"2026-07-16T20:36:34.994+0800","logger":"setup","caller":"rbgs/main.go:472","message":"starting manager"}
{"level":"INFO","time":"2026-07-16T20:36:34.995+0800","caller":"manager/server.go:83","message":"starting server","name":"health probe","addr":"[::]:8098"}
{"level":"INFO","time":"2026-07-16T20:36:35.095+0800","caller":"controller/controller.go:353","message":"Starting EventSource","controller":"workloads-rolebasedgroup","controllerGroup":"workloads.x-k8s.io","controllerKind":"RoleBasedGroup","source":"kind source: *v1alpha2.RoleBasedGroup"}
{"level":"INFO","time":"2026-07-16T20:36:35.096+0800","caller":"controller/controller.go:353","message":"Starting EventSource","controller":"rbgwarmup-controller","controllerGroup":"workloads.x-k8s.io","controllerKind":"RoleBasedGroupWarmup","source":"kind source: *v1.Pod"}
{"level":"INFO","time":"2026-07-16T20:36:35.096+0800","caller":"controller/controller.go:353","message":"Starting EventSource","controller":"workloads-rolebasedgroup-scalingadapter","controllerGroup":"workloads.x-k8s.io","controllerKind":"RoleBasedGroupScalingAdapter","source":"kind source: *v1alpha2.RoleBasedGroupScalingAdapter"}
{"level":"INFO","time":"2026-07-16T20:36:35.096+0800","caller":"controller/controller.go:353","message":"Starting EventSource","controller":"roleinstance","controllerGroup":"workloads.x-k8s.io","controllerKind":"RoleInstance","source":"kind source: *v1.Pod"}
{"level":"INFO","time":"2026-07-16T20:36:35.095+0800","caller":"controller/controller.go:353","message":"Starting EventSource","controller":"workloads-rolebasedgroup-scalingadapter","controllerGroup":"workloads.x-k8s.io","controllerKind":"RoleBasedGroupScalingAdapter","source":"kind source: *v1alpha2.RoleBasedGroup"}
{"level":"INFO","time":"2026-07-16T20:36:35.096+0800","caller":"controller/controller.go:353","message":"Starting EventSource","controller":"rbgwarmup-controller","controllerGroup":"workloads.x-k8s.io","controllerKind":"RoleBasedGroupWarmup","source":"kind source: *v1alpha2.RoleBasedGroupWarmup"}
{"level":"INFO","time":"2026-07-16T20:36:35.096+0800","caller":"controller/controller.go:353","message":"Starting EventSource","controller":"workloads-rolebasedgroup","controllerGroup":"workloads.x-k8s.io","controllerKind":"RoleBasedGroup","source":"kind source: *v1.StatefulSet"}
{"level":"INFO","time":"2026-07-16T20:36:35.096+0800","caller":"controller/controller.go:353","message":"Starting EventSource","controller":"workloads-rolebasedgroup","controllerGroup":"workloads.x-k8s.io","controllerKind":"RoleBasedGroup","source":"kind source: *v1alpha1.PodGroup"}
{"level":"INFO","time":"2026-07-16T20:36:35.096+0800","caller":"controller/controller.go:353","message":"Starting EventSource","controller":"workloads-rolebasedgroup","controllerGroup":"workloads.x-k8s.io","controllerKind":"RoleBasedGroup","source":"kind source: *v1alpha2.RoleBasedGroupScalingAdapter"}
{"level":"INFO","time":"2026-07-16T20:36:35.095+0800","caller":"controller/controller.go:353","message":"Starting EventSource","controller":"rbgset-controller","controllerGroup":"workloads.x-k8s.io","controllerKind":"RoleBasedGroupSet","source":"kind source: *v1alpha2.RoleBasedGroupSet"}
{"level":"INFO","time":"2026-07-16T20:36:35.096+0800","caller":"controller/controller.go:353","message":"Starting EventSource","controller":"rbgset-controller","controllerGroup":"workloads.x-k8s.io","controllerKind":"RoleBasedGroupSet","source":"kind source: *v1alpha2.RoleBasedGroup"}
{"level":"INFO","time":"2026-07-16T20:36:35.096+0800","caller":"controller/controller.go:353","message":"Starting EventSource","controller":"workloads-rolebasedgroup","controllerGroup":"workloads.x-k8s.io","controllerKind":"RoleBasedGroup","source":"kind source: *v1alpha2.RoleInstanceSet"}
{"level":"INFO","time":"2026-07-16T20:36:35.096+0800","caller":"controller/controller.go:353","message":"Starting EventSource","controller":"workloads-rolebasedgroup","controllerGroup":"workloads.x-k8s.io","controllerKind":"RoleBasedGroup","source":"kind source: *v1alpha2.RoleBasedGroup"}
{"level":"INFO","time":"2026-07-16T20:36:35.096+0800","caller":"controller/controller.go:353","message":"Starting EventSource","controller":"roleinstanceset","controllerGroup":"workloads.x-k8s.io","controllerKind":"RoleInstanceSet","source":"kind source: *v1alpha2.RoleInstance"}
{"level":"INFO","time":"2026-07-16T20:36:35.095+0800","caller":"controller/controller.go:353","message":"Starting EventSource","controller":"roleinstanceset","controllerGroup":"workloads.x-k8s.io","controllerKind":"RoleInstanceSet","source":"kind source: *v1alpha2.RoleInstance"}
{"level":"INFO","time":"2026-07-16T20:36:35.096+0800","caller":"controller/controller.go:353","message":"Starting EventSource","controller":"roleinstance","controllerGroup":"workloads.x-k8s.io","controllerKind":"RoleInstance","source":"kind source: *v1alpha2.RoleInstance"}
{"level":"INFO","time":"2026-07-16T20:36:35.096+0800","caller":"controller/controller.go:353","message":"Starting EventSource","controller":"roleinstanceset","controllerGroup":"workloads.x-k8s.io","controllerKind":"RoleInstanceSet","source":"kind source: *v1alpha2.RoleInstanceSet"}
{"level":"INFO","time":"2026-07-16T20:36:35.096+0800","caller":"controller/controller.go:353","message":"Starting EventSource","controller":"workloads-rolebasedgroup","controllerGroup":"workloads.x-k8s.io","controllerKind":"RoleBasedGroup","source":"kind source: *v1.Deployment"}
{"level":"INFO","time":"2026-07-16T20:36:35.096+0800","caller":"controller/controller.go:353","message":"Starting EventSource","controller":"workloads-rolebasedgroup","controllerGroup":"workloads.x-k8s.io","controllerKind":"RoleBasedGroup","source":"kind source: *v1.Service"}
{"level":"INFO","time":"2026-07-16T20:36:35.497+0800","caller":"controller/controller.go:286","message":"Starting Controller","controller":"rbgwarmup-controller","controllerGroup":"workloads.x-k8s.io","controllerKind":"RoleBasedGroupWarmup"}
{"level":"INFO","time":"2026-07-16T20:36:35.497+0800","caller":"controller/controller.go:289","message":"Starting workers","controller":"rbgwarmup-controller","controllerGroup":"workloads.x-k8s.io","controllerKind":"RoleBasedGroupWarmup","worker count":10}
{"level":"INFO","time":"2026-07-16T20:36:35.497+0800","caller":"controller/controller.go:286","message":"Starting Controller","controller":"rbgset-controller","controllerGroup":"workloads.x-k8s.io","controllerKind":"RoleBasedGroupSet"}
